<?xml version="1.0" encoding="UTF-8"?>
<!-- Generated by org.testng.reporters.JUnitReportReporter -->
<testsuite hostname="DESKTOP-3B5I3LU" name="test.java.com.automation.practice.APItests" tests="4" failures="0" timestamp="14 Nov 2016 04:28:57 GMT" time="2.338" errors="0">
  <testcase name="get" time="0.574" classname="test.java.com.automation.practice.APItests"/>
  <testcase name="getEmpty" time="0.271" classname="test.java.com.automation.practice.APItests"/>
  <testcase name="post" time="1.113" classname="test.java.com.automation.practice.APItests"/>
  <testcase name="delete" time="0.380" classname="test.java.com.automation.practice.APItests"/>
</testsuite> <!-- test.java.com.automation.practice.APItests -->
